<?xml version="1.0" encoding="UTF-8"?>
<!-- Generated by org.testng.reporters.JUnitReportReporter -->
<testsuite hostname="C809070E5D7629" name="example.NewTest" tests="1" failures="0" timestamp="4 Oct 2017 21:16:05 GMT" time="1.321" errors="0">
  <testcase name="openGoogle" time="1.321" classname="example.NewTest"/>
</testsuite> <!-- example.NewTest -->
